<?xml version="1.0" encoding="UTF-8"?>
<!-- Generated by org.testng.reporters.JUnitReportReporter -->
<testsuite skipped="1" hostname="ip-172-31-83-34" name="testing.Testcase1" tests="2" failures="0" timestamp="2021-10-28T05:25:04 UTC" time="0.004" errors="0">
  <testcase name="HomeLoanTest" time="0.004" classname="testing.Testcase1"/>
  <system-out/>
  <testcase name="CarLoanTest" classname="testing.Testcase1">
    <skipped/>
  </testcase> <!-- CarLoanTest -->
  <system-out/>
</testsuite> <!-- testing.Testcase1 -->
