<?xml version="1.0" encoding="UTF-8"?>
<!-- Generated by org.testng.reporters.JUnitReportReporter -->
<testsuite skipped="0" hostname="ip-172-31-83-34" name="testing.Testcase2" tests="1" failures="0" timestamp="2021-10-28T05:25:04 UTC" time="0.008" errors="0">
  <testcase name="CreditCardTest" time="0.008" classname="testing.Testcase2"/>
  <system-out/>
</testsuite> <!-- testing.Testcase2 -->
